<?xml version="1.0" encoding="UTF-8"?>
<!-- Generated by org.testng.reporters.JUnitReportReporter -->
<testsuite hostname="TTNPL-MohammadFarhan" failures="0" tests="7" name="paractice.LoginTestCase" time="0.059" errors="1" timestamp="2023-04-10T16:00:18 IST" skipped="6">
  <testcase classname="paractice.LoginTestCase" name="browserlaunch" time="0.059">
    <error message="The driver executable does not exist: C:\Users\Mohammad Farhan\eclipse-workspace\BeamSplitterFrameWork\BeamSplitterFrameWork\chrome\chromedriver.exe" type="java.lang.IllegalStateException">
      <![CDATA[java.lang.IllegalStateException: The driver executable does not exist: C:\Users\Mohammad Farhan\eclipse-workspace\BeamSplitterFrameWork\BeamSplitterFrameWork\chrome\chromedriver.exe
at com.google.common.base.Preconditions.checkState(Preconditions.java:585)
at org.openqa.selenium.remote.service.DriverService.checkExecutable(DriverService.java:146)
at org.openqa.selenium.remote.service.DriverService.findExecutable(DriverService.java:141)
at org.openqa.selenium.chrome.ChromeDriverService.access$000(ChromeDriverService.java:35)
at org.openqa.selenium.chrome.ChromeDriverService$Builder.findDefaultExecutable(ChromeDriverService.java:159)
at org.openqa.selenium.remote.service.DriverService$Builder.build(DriverService.java:355)
at org.openqa.selenium.chrome.ChromeDriverService.createDefaultService(ChromeDriverService.java:94)
at org.openqa.selenium.chrome.ChromeDriver.<init>(ChromeDriver.java:123)
at base.Browser.StartBrowser(Browser.java:34)
at paractice.LoginTestCase.browserlaunch(LoginTestCase.java:30)
at java.base/jdk.internal.reflect.DirectMethodHandleAccessor.invoke(DirectMethodHandleAccessor.java:104)
at java.base/java.lang.reflect.Method.invoke(Method.java:578)
at org.testng.internal.MethodInvocationHelper.invokeMethod(MethodInvocationHelper.java:134)
at org.testng.internal.MethodInvocationHelper.invokeMethodConsideringTimeout(MethodInvocationHelper.java:63)
at org.testng.internal.ConfigInvoker.invokeConfigurationMethod(ConfigInvoker.java:348)
at org.testng.internal.ConfigInvoker.invokeConfigurations(ConfigInvoker.java:302)
at org.testng.SuiteRunner.privateRun(SuiteRunner.java:327)
at org.testng.SuiteRunner.run(SuiteRunner.java:286)
at org.testng.SuiteRunnerWorker.runSuite(SuiteRunnerWorker.java:53)
at org.testng.SuiteRunnerWorker.run(SuiteRunnerWorker.java:96)
at org.testng.TestNG.runSuitesSequentially(TestNG.java:1187)
at org.testng.TestNG.runSuitesLocally(TestNG.java:1109)
at org.testng.TestNG.runSuites(TestNG.java:1039)
at org.testng.TestNG.run(TestNG.java:1007)
at org.testng.remote.AbstractRemoteTestNG.run(AbstractRemoteTestNG.java:115)
at org.testng.remote.RemoteTestNG.initAndRun(RemoteTestNG.java:251)
at org.testng.remote.RemoteTestNG.main(RemoteTestNG.java:77)
]]>
    </error>
  </testcase> <!-- browserlaunch -->
  <system-out/>
  <testcase classname="paractice.LoginTestCase" name="Login" time="0.000">
    <skipped/>
  </testcase> <!-- Login -->
  <system-out/>
  <testcase classname="paractice.LoginTestCase" name="HomePageVerify" time="0.000">
    <skipped/>
  </testcase> <!-- HomePageVerify -->
  <system-out/>
  <testcase classname="paractice.LoginTestCase" name="AdminPageVerify" time="0.000">
    <skipped/>
  </testcase> <!-- AdminPageVerify -->
  <system-out/>
  <testcase classname="paractice.LoginTestCase" name="addUser" time="0.000">
    <skipped/>
  </testcase> <!-- addUser -->
  <system-out/>
  <testcase classname="paractice.LoginTestCase" name="VerifingSucessfulAddedUser" time="0.000">
    <skipped/>
  </testcase> <!-- VerifingSucessfulAddedUser -->
  <system-out/>
  <testcase classname="paractice.LoginTestCase" name="removingUser" time="0.000">
    <skipped/>
  </testcase> <!-- removingUser -->
  <system-out/>
</testsuite> <!-- paractice.LoginTestCase -->
